  Source.c
C:\Users\ofzbo\OneDrive\Documentos\CEFET\CG rated\cgTP1\cgTP1\Source.c(72,16): warning C4305:  'function': truncation from 'double' to 'GLfloat'
C:\Users\ofzbo\OneDrive\Documentos\CEFET\CG rated\cgTP1\cgTP1\Source.c(72,22): warning C4305:  'function': truncation from 'double' to 'GLfloat'
C:\Users\ofzbo\OneDrive\Documentos\CEFET\CG rated\cgTP1\cgTP1\Source.c(72,28): warning C4305:  'function': truncation from 'double' to 'GLfloat'
C:\Users\ofzbo\OneDrive\Documentos\CEFET\CG rated\cgTP1\cgTP1\Source.c(87,16): warning C4305:  'function': truncation from 'double' to 'GLfloat'
C:\Users\ofzbo\OneDrive\Documentos\CEFET\CG rated\cgTP1\cgTP1\Source.c(87,22): warning C4305:  'function': truncation from 'double' to 'GLfloat'
C:\Users\ofzbo\OneDrive\Documentos\CEFET\CG rated\cgTP1\cgTP1\Source.c(87,28): warning C4305:  'function': truncation from 'double' to 'GLfloat'
C:\Users\ofzbo\OneDrive\Documentos\CEFET\CG rated\cgTP1\cgTP1\Source.c(139,35): warning C4244:  '=': conversion from 'int' to 'float', possible loss of data
C:\Users\ofzbo\OneDrive\Documentos\CEFET\CG rated\cgTP1\cgTP1\Source.c(141,19): warning C4244:  '=': conversion from 'double' to 'float', possible loss of data
C:\Users\ofzbo\OneDrive\Documentos\CEFET\CG rated\cgTP1\cgTP1\Source.c(142,40): warning C4244:  '=': conversion from 'int' to 'float', possible loss of data
C:\Users\ofzbo\OneDrive\Documentos\CEFET\CG rated\cgTP1\cgTP1\Source.c(151,18): warning C4305:  'function': truncation from 'double' to 'GLclampf'
C:\Users\ofzbo\OneDrive\Documentos\CEFET\CG rated\cgTP1\cgTP1\Source.c(151,23): warning C4305:  'function': truncation from 'double' to 'GLclampf'
C:\Users\ofzbo\OneDrive\Documentos\CEFET\CG rated\cgTP1\cgTP1\Source.c(151,28): warning C4305:  'function': truncation from 'double' to 'GLclampf'
C:\Users\ofzbo\OneDrive\Documentos\CEFET\CG rated\cgTP1\cgTP1\Source.c(237,37): warning C4244:  '=': conversion from 'int' to 'float', possible loss of data
C:\Users\ofzbo\OneDrive\Documentos\CEFET\CG rated\cgTP1\cgTP1\Source.c(238,36): warning C4244:  '=': conversion from 'int' to 'float', possible loss of data
C:\Users\ofzbo\OneDrive\Documentos\CEFET\CG rated\cgTP1\cgTP1\Source.c(250,37): warning C4244:  '=': conversion from 'int' to 'float', possible loss of data
C:\Users\ofzbo\OneDrive\Documentos\CEFET\CG rated\cgTP1\cgTP1\Source.c(251,36): warning C4244:  '=': conversion from 'int' to 'float', possible loss of data
C:\Users\ofzbo\OneDrive\Documentos\CEFET\CG rated\cgTP1\cgTP1\Source.c(263,29): warning C4113:  'void (__cdecl *)()' differs in parameter lists from 'void (__cdecl *)(int)'
C:\Users\ofzbo\OneDrive\Documentos\CEFET\CG rated\cgTP1\cgTP1\Source.c(276,27): warning C4113:  'void (__cdecl *)()' differs in parameter lists from 'void (__cdecl *)(void)'
C:\Users\ofzbo\OneDrive\Documentos\CEFET\CG rated\cgTP1\cgTP1\Source.c(280,29): warning C4113:  'void (__cdecl *)(unsigned char)' differs in parameter lists from 'void (__cdecl *)(unsigned char,int,int)'
C:\Users\ofzbo\OneDrive\Documentos\CEFET\CG rated\cgTP1\cgTP1\Source.c(284,19): warning C4113:  'void (__cdecl *)()' differs in parameter lists from 'void (__cdecl *)(void)'
  Generating code
  0 of 19 functions ( 0.0%) were compiled, the rest were copied from previous compilation.
    0 functions were new in current compilation
    0 functions had inline decision re-evaluated but remain unchanged
  Finished generating code
  cgTP1.vcxproj -> C:\Users\ofzbo\OneDrive\Documentos\CEFET\CG rated\cgTP1\Release\cgTP1.exe
